{"name":"XHT","hostname":"izbp12d9lw9h092tonhvfpz","pid":29820,"level":50,"msg":"Save warehouse error! MongoError: E11000 duplicate key error index: test.warehouses.$name_1 dup key: { : \"电炉回转窑库\" }","time":"2020-05-25T02:53:56.937Z","v":0}
{"name":"XHT","hostname":"izbp12d9lw9h092tonhvfpz","pid":29820,"level":50,"msg":"Save brand error! MongoError: E11000 duplicate key error index: test.brands.$name_1 dup key: { : \"X12Ni5JX/NG-21392-2020\" }","time":"2020-05-25T02:53:56.968Z","v":0}
{"name":"XHT","hostname":"izbp12d9lw9h092tonhvfpz","pid":14104,"level":50,"msg":"苏A0B812 not found!","time":"2020-08-07T02:26:28.782Z","v":0}
{"name":"XHT","hostname":"izbp12d9lw9h092tonhvfpz","pid":14104,"level":50,"msg":"苏A0B812 not found!","time":"2020-08-07T02:26:28.840Z","v":0}
{"name":"XHT","hostname":"izbp12d9lw9h092tonhvfpz","pid":14104,"level":50,"msg":"苏A0B812 not found!","time":"2020-08-07T02:26:28.840Z","v":0}
{"name":"XHT","hostname":"izbp12d9lw9h092tonhvfpz","pid":14104,"level":50,"msg":"苏A0B812 not found!","time":"2020-08-07T02:26:28.840Z","v":0}
{"name":"XHT","hostname":"izbp12d9lw9h092tonhvfpz","pid":14104,"level":50,"msg":"苏A0B812 not found!","time":"2020-08-07T02:26:28.840Z","v":0}
{"name":"XHT","hostname":"izbp12d9lw9h092tonhvfpz","pid":14104,"level":50,"msg":"苏A0B812 not found!","time":"2020-08-07T02:26:28.840Z","v":0}
{"name":"XHT","hostname":"izbp12d9lw9h092tonhvfpz","pid":14104,"level":50,"msg":"苏A0B812 not found!","time":"2020-08-07T02:26:28.840Z","v":0}
{"name":"XHT","hostname":"izbp12d9lw9h092tonhvfpz","pid":14104,"level":50,"msg":"苏AOB812 not found!","time":"2020-08-07T02:26:29.736Z","v":0}
{"name":"XHT","hostname":"izbp12d9lw9h092tonhvfpz","pid":14104,"level":50,"msg":"苏AOB812 not found!","time":"2020-08-07T02:26:29.736Z","v":0}
{"name":"XHT","hostname":"izbp12d9lw9h092tonhvfpz","pid":14104,"level":50,"msg":"苏AOB812 not found!","time":"2020-08-07T02:26:29.736Z","v":0}
{"name":"XHT","hostname":"izbp12d9lw9h092tonhvfpz","pid":14104,"level":50,"msg":"苏AOB812 not found!","time":"2020-08-07T02:26:29.736Z","v":0}
{"name":"XHT","hostname":"izbp12d9lw9h092tonhvfpz","pid":14104,"level":50,"msg":"苏AOB812 not found!","time":"2020-08-07T02:26:29.736Z","v":0}
{"name":"XHT","hostname":"izbp12d9lw9h092tonhvfpz","pid":14104,"level":50,"msg":"苏AOB812 not found!","time":"2020-08-07T02:26:29.736Z","v":0}
{"name":"XHT","hostname":"izbp12d9lw9h092tonhvfpz","pid":14104,"level":50,"msg":"苏AOB812 not found!","time":"2020-08-07T02:26:29.736Z","v":0}
{"name":"XHT","hostname":"izbp12d9lw9h092tonhvfpz","pid":32257,"level":50,"msg":"苏A0B812 not found!","time":"2020-08-13T08:14:38.760Z","v":0}
{"name":"XHT","hostname":"izbp12d9lw9h092tonhvfpz","pid":32257,"level":50,"msg":"苏A0B812 not found!","time":"2020-08-13T08:14:38.819Z","v":0}
{"name":"XHT","hostname":"izbp12d9lw9h092tonhvfpz","pid":32257,"level":50,"msg":"苏A0B812 not found!","time":"2020-08-13T08:14:38.819Z","v":0}
{"name":"XHT","hostname":"izbp12d9lw9h092tonhvfpz","pid":32257,"level":50,"msg":"苏A0B812 not found!","time":"2020-08-13T08:14:38.819Z","v":0}
{"name":"XHT","hostname":"izbp12d9lw9h092tonhvfpz","pid":32257,"level":50,"msg":"苏A0B812 not found!","time":"2020-08-13T08:14:38.819Z","v":0}
{"name":"XHT","hostname":"izbp12d9lw9h092tonhvfpz","pid":32257,"level":50,"msg":"苏A0B812 not found!","time":"2020-08-13T08:14:38.819Z","v":0}
{"name":"XHT","hostname":"izbp12d9lw9h092tonhvfpz","pid":32257,"level":50,"msg":"苏A0B812 not found!","time":"2020-08-13T08:14:38.819Z","v":0}
{"name":"XHT","hostname":"izbp12d9lw9h092tonhvfpz","pid":32257,"level":50,"msg":"苏AOB812 not found!","time":"2020-08-13T08:14:39.761Z","v":0}
{"name":"XHT","hostname":"izbp12d9lw9h092tonhvfpz","pid":32257,"level":50,"msg":"苏AOB812 not found!","time":"2020-08-13T08:14:39.761Z","v":0}
{"name":"XHT","hostname":"izbp12d9lw9h092tonhvfpz","pid":32257,"level":50,"msg":"苏AOB812 not found!","time":"2020-08-13T08:14:39.761Z","v":0}
{"name":"XHT","hostname":"izbp12d9lw9h092tonhvfpz","pid":32257,"level":50,"msg":"苏AOB812 not found!","time":"2020-08-13T08:14:39.761Z","v":0}
{"name":"XHT","hostname":"izbp12d9lw9h092tonhvfpz","pid":32257,"level":50,"msg":"苏AOB812 not found!","time":"2020-08-13T08:14:39.761Z","v":0}
{"name":"XHT","hostname":"izbp12d9lw9h092tonhvfpz","pid":32257,"level":50,"msg":"苏AOB812 not found!","time":"2020-08-13T08:14:39.761Z","v":0}
{"name":"XHT","hostname":"izbp12d9lw9h092tonhvfpz","pid":32257,"level":50,"msg":"苏AOB812 not found!","time":"2020-08-13T08:14:39.761Z","v":0}
{"name":"XHT","hostname":"izbp12d9lw9h092tonhvfpz","pid":32257,"level":50,"msg":"苏A0B812 not found!","time":"2020-08-13T10:09:06.166Z","v":0}
{"name":"XHT","hostname":"izbp12d9lw9h092tonhvfpz","pid":32257,"level":50,"msg":"苏A0B812 not found!","time":"2020-08-13T10:09:06.221Z","v":0}
{"name":"XHT","hostname":"izbp12d9lw9h092tonhvfpz","pid":32257,"level":50,"msg":"苏A0B812 not found!","time":"2020-08-13T10:09:06.221Z","v":0}
{"name":"XHT","hostname":"izbp12d9lw9h092tonhvfpz","pid":32257,"level":50,"msg":"苏A0B812 not found!","time":"2020-08-13T10:09:06.221Z","v":0}
{"name":"XHT","hostname":"izbp12d9lw9h092tonhvfpz","pid":32257,"level":50,"msg":"苏A0B812 not found!","time":"2020-08-13T10:09:06.221Z","v":0}
{"name":"XHT","hostname":"izbp12d9lw9h092tonhvfpz","pid":32257,"level":50,"msg":"苏A0B812 not found!","time":"2020-08-13T10:09:06.221Z","v":0}
{"name":"XHT","hostname":"izbp12d9lw9h092tonhvfpz","pid":32257,"level":50,"msg":"苏A0B812 not found!","time":"2020-08-13T10:09:06.221Z","v":0}
{"name":"XHT","hostname":"izbp12d9lw9h092tonhvfpz","pid":32257,"level":50,"msg":"苏AOB812 not found!","time":"2020-08-13T10:09:07.149Z","v":0}
{"name":"XHT","hostname":"izbp12d9lw9h092tonhvfpz","pid":32257,"level":50,"msg":"苏AOB812 not found!","time":"2020-08-13T10:09:07.149Z","v":0}
{"name":"XHT","hostname":"izbp12d9lw9h092tonhvfpz","pid":32257,"level":50,"msg":"苏AOB812 not found!","time":"2020-08-13T10:09:07.149Z","v":0}
{"name":"XHT","hostname":"izbp12d9lw9h092tonhvfpz","pid":32257,"level":50,"msg":"苏AOB812 not found!","time":"2020-08-13T10:09:07.149Z","v":0}
{"name":"XHT","hostname":"izbp12d9lw9h092tonhvfpz","pid":32257,"level":50,"msg":"苏AOB812 not found!","time":"2020-08-13T10:09:07.149Z","v":0}
{"name":"XHT","hostname":"izbp12d9lw9h092tonhvfpz","pid":32257,"level":50,"msg":"苏AOB812 not found!","time":"2020-08-13T10:09:07.149Z","v":0}
{"name":"XHT","hostname":"izbp12d9lw9h092tonhvfpz","pid":32257,"level":50,"msg":"苏AOB812 not found!","time":"2020-08-13T10:09:07.149Z","v":0}
{"name":"XHT","hostname":"izbp12d9lw9h092tonhvfpz","pid":32257,"level":50,"msg":"苏A0B812 not found!","time":"2020-08-14T03:58:03.222Z","v":0}
{"name":"XHT","hostname":"izbp12d9lw9h092tonhvfpz","pid":32257,"level":50,"msg":"苏A0B812 not found!","time":"2020-08-14T03:58:03.274Z","v":0}
{"name":"XHT","hostname":"izbp12d9lw9h092tonhvfpz","pid":32257,"level":50,"msg":"苏A0B812 not found!","time":"2020-08-14T03:58:03.275Z","v":0}
{"name":"XHT","hostname":"izbp12d9lw9h092tonhvfpz","pid":32257,"level":50,"msg":"苏A0B812 not found!","time":"2020-08-14T03:58:03.275Z","v":0}
{"name":"XHT","hostname":"izbp12d9lw9h092tonhvfpz","pid":32257,"level":50,"msg":"苏A0B812 not found!","time":"2020-08-14T03:58:03.275Z","v":0}
{"name":"XHT","hostname":"izbp12d9lw9h092tonhvfpz","pid":32257,"level":50,"msg":"苏A0B812 not found!","time":"2020-08-14T03:58:03.275Z","v":0}
{"name":"XHT","hostname":"izbp12d9lw9h092tonhvfpz","pid":32257,"level":50,"msg":"苏A0B812 not found!","time":"2020-08-14T03:58:03.275Z","v":0}
{"name":"XHT","hostname":"izbp12d9lw9h092tonhvfpz","pid":32257,"level":50,"msg":"苏AOB812 not found!","time":"2020-08-14T03:58:04.127Z","v":0}
{"name":"XHT","hostname":"izbp12d9lw9h092tonhvfpz","pid":32257,"level":50,"msg":"苏AOB812 not found!","time":"2020-08-14T03:58:04.127Z","v":0}
{"name":"XHT","hostname":"izbp12d9lw9h092tonhvfpz","pid":32257,"level":50,"msg":"苏AOB812 not found!","time":"2020-08-14T03:58:04.127Z","v":0}
{"name":"XHT","hostname":"izbp12d9lw9h092tonhvfpz","pid":32257,"level":50,"msg":"苏AOB812 not found!","time":"2020-08-14T03:58:04.127Z","v":0}
{"name":"XHT","hostname":"izbp12d9lw9h092tonhvfpz","pid":32257,"level":50,"msg":"苏AOB812 not found!","time":"2020-08-14T03:58:04.127Z","v":0}
{"name":"XHT","hostname":"izbp12d9lw9h092tonhvfpz","pid":32257,"level":50,"msg":"苏AOB812 not found!","time":"2020-08-14T03:58:04.127Z","v":0}
{"name":"XHT","hostname":"izbp12d9lw9h092tonhvfpz","pid":32257,"level":50,"msg":"苏AOB812 not found!","time":"2020-08-14T03:58:04.127Z","v":0}
{"name":"XHT","hostname":"izbp12d9lw9h092tonhvfpz","pid":32257,"level":50,"msg":"苏A0B812 not found!","time":"2020-08-14T06:06:46.370Z","v":0}
{"name":"XHT","hostname":"izbp12d9lw9h092tonhvfpz","pid":32257,"level":50,"msg":"苏A0B812 not found!","time":"2020-08-14T06:06:46.424Z","v":0}
{"name":"XHT","hostname":"izbp12d9lw9h092tonhvfpz","pid":32257,"level":50,"msg":"苏A0B812 not found!","time":"2020-08-14T06:06:46.424Z","v":0}
{"name":"XHT","hostname":"izbp12d9lw9h092tonhvfpz","pid":32257,"level":50,"msg":"苏A0B812 not found!","time":"2020-08-14T06:06:46.425Z","v":0}
{"name":"XHT","hostname":"izbp12d9lw9h092tonhvfpz","pid":32257,"level":50,"msg":"苏A0B812 not found!","time":"2020-08-14T06:06:46.425Z","v":0}
{"name":"XHT","hostname":"izbp12d9lw9h092tonhvfpz","pid":32257,"level":50,"msg":"苏A0B812 not found!","time":"2020-08-14T06:06:46.425Z","v":0}
{"name":"XHT","hostname":"izbp12d9lw9h092tonhvfpz","pid":32257,"level":50,"msg":"苏A0B812 not found!","time":"2020-08-14T06:06:46.425Z","v":0}
{"name":"XHT","hostname":"izbp12d9lw9h092tonhvfpz","pid":32257,"level":50,"msg":"苏AOB812 not found!","time":"2020-08-14T06:06:47.263Z","v":0}
{"name":"XHT","hostname":"izbp12d9lw9h092tonhvfpz","pid":32257,"level":50,"msg":"苏AOB812 not found!","time":"2020-08-14T06:06:47.263Z","v":0}
{"name":"XHT","hostname":"izbp12d9lw9h092tonhvfpz","pid":32257,"level":50,"msg":"苏AOB812 not found!","time":"2020-08-14T06:06:47.263Z","v":0}
{"name":"XHT","hostname":"izbp12d9lw9h092tonhvfpz","pid":32257,"level":50,"msg":"苏AOB812 not found!","time":"2020-08-14T06:06:47.263Z","v":0}
{"name":"XHT","hostname":"izbp12d9lw9h092tonhvfpz","pid":32257,"level":50,"msg":"苏AOB812 not found!","time":"2020-08-14T06:06:47.263Z","v":0}
{"name":"XHT","hostname":"izbp12d9lw9h092tonhvfpz","pid":32257,"level":50,"msg":"苏AOB812 not found!","time":"2020-08-14T06:06:47.263Z","v":0}
{"name":"XHT","hostname":"izbp12d9lw9h092tonhvfpz","pid":32257,"level":50,"msg":"苏AOB812 not found!","time":"2020-08-14T06:06:47.263Z","v":0}
{"name":"XHT","hostname":"izbp12d9lw9h092tonhvfpz","pid":32257,"level":50,"msg":"苏A0B812 not found!","time":"2020-08-17T08:18:23.784Z","v":0}
{"name":"XHT","hostname":"izbp12d9lw9h092tonhvfpz","pid":32257,"level":50,"msg":"苏A0B812 not found!","time":"2020-08-17T08:18:23.843Z","v":0}
{"name":"XHT","hostname":"izbp12d9lw9h092tonhvfpz","pid":32257,"level":50,"msg":"苏A0B812 not found!","time":"2020-08-17T08:18:23.844Z","v":0}
{"name":"XHT","hostname":"izbp12d9lw9h092tonhvfpz","pid":32257,"level":50,"msg":"苏A0B812 not found!","time":"2020-08-17T08:18:23.844Z","v":0}
{"name":"XHT","hostname":"izbp12d9lw9h092tonhvfpz","pid":32257,"level":50,"msg":"苏A0B812 not found!","time":"2020-08-17T08:18:23.844Z","v":0}
{"name":"XHT","hostname":"izbp12d9lw9h092tonhvfpz","pid":32257,"level":50,"msg":"苏A0B812 not found!","time":"2020-08-17T08:18:23.844Z","v":0}
{"name":"XHT","hostname":"izbp12d9lw9h092tonhvfpz","pid":32257,"level":50,"msg":"苏A0B812 not found!","time":"2020-08-17T08:18:23.844Z","v":0}
{"name":"XHT","hostname":"izbp12d9lw9h092tonhvfpz","pid":32257,"level":50,"msg":"苏AOB812 not found!","time":"2020-08-17T08:18:24.731Z","v":0}
{"name":"XHT","hostname":"izbp12d9lw9h092tonhvfpz","pid":32257,"level":50,"msg":"苏AOB812 not found!","time":"2020-08-17T08:18:24.731Z","v":0}
{"name":"XHT","hostname":"izbp12d9lw9h092tonhvfpz","pid":32257,"level":50,"msg":"苏AOB812 not found!","time":"2020-08-17T08:18:24.731Z","v":0}
{"name":"XHT","hostname":"izbp12d9lw9h092tonhvfpz","pid":32257,"level":50,"msg":"苏AOB812 not found!","time":"2020-08-17T08:18:24.731Z","v":0}
{"name":"XHT","hostname":"izbp12d9lw9h092tonhvfpz","pid":32257,"level":50,"msg":"苏AOB812 not found!","time":"2020-08-17T08:18:24.731Z","v":0}
{"name":"XHT","hostname":"izbp12d9lw9h092tonhvfpz","pid":32257,"level":50,"msg":"苏AOB812 not found!","time":"2020-08-17T08:18:24.731Z","v":0}
{"name":"XHT","hostname":"izbp12d9lw9h092tonhvfpz","pid":32257,"level":50,"msg":"苏AOB812 not found!","time":"2020-08-17T08:18:24.731Z","v":0}
{"name":"XHT","hostname":"izbp12d9lw9h092tonhvfpz","pid":32257,"level":50,"msg":"苏A0B812 not found!","time":"2020-08-27T08:16:13.595Z","v":0}
{"name":"XHT","hostname":"izbp12d9lw9h092tonhvfpz","pid":32257,"level":50,"msg":"苏A0B812 not found!","time":"2020-08-27T08:16:13.652Z","v":0}
{"name":"XHT","hostname":"izbp12d9lw9h092tonhvfpz","pid":32257,"level":50,"msg":"苏A0B812 not found!","time":"2020-08-27T08:16:13.653Z","v":0}
{"name":"XHT","hostname":"izbp12d9lw9h092tonhvfpz","pid":32257,"level":50,"msg":"苏A0B812 not found!","time":"2020-08-27T08:16:13.653Z","v":0}
{"name":"XHT","hostname":"izbp12d9lw9h092tonhvfpz","pid":32257,"level":50,"msg":"苏A0B812 not found!","time":"2020-08-27T08:16:13.653Z","v":0}
{"name":"XHT","hostname":"izbp12d9lw9h092tonhvfpz","pid":32257,"level":50,"msg":"苏A0B812 not found!","time":"2020-08-27T08:16:13.653Z","v":0}
{"name":"XHT","hostname":"izbp12d9lw9h092tonhvfpz","pid":32257,"level":50,"msg":"苏A0B812 not found!","time":"2020-08-27T08:16:13.653Z","v":0}
{"name":"XHT","hostname":"izbp12d9lw9h092tonhvfpz","pid":32257,"level":50,"msg":"苏AOB812 not found!","time":"2020-08-27T08:16:14.582Z","v":0}
{"name":"XHT","hostname":"izbp12d9lw9h092tonhvfpz","pid":32257,"level":50,"msg":"苏AOB812 not found!","time":"2020-08-27T08:16:14.583Z","v":0}
{"name":"XHT","hostname":"izbp12d9lw9h092tonhvfpz","pid":32257,"level":50,"msg":"苏AOB812 not found!","time":"2020-08-27T08:16:14.583Z","v":0}
{"name":"XHT","hostname":"izbp12d9lw9h092tonhvfpz","pid":32257,"level":50,"msg":"苏AOB812 not found!","time":"2020-08-27T08:16:14.583Z","v":0}
{"name":"XHT","hostname":"izbp12d9lw9h092tonhvfpz","pid":32257,"level":50,"msg":"苏AOB812 not found!","time":"2020-08-27T08:16:14.583Z","v":0}
{"name":"XHT","hostname":"izbp12d9lw9h092tonhvfpz","pid":32257,"level":50,"msg":"苏AOB812 not found!","time":"2020-08-27T08:16:14.583Z","v":0}
{"name":"XHT","hostname":"izbp12d9lw9h092tonhvfpz","pid":32257,"level":50,"msg":"苏AOB812 not found!","time":"2020-08-27T08:16:14.583Z","v":0}
{"name":"XHT","hostname":"izbp12d9lw9h092tonhvfpz","pid":32257,"level":50,"msg":"苏A0B812 not found!","time":"2020-08-27T08:18:45.551Z","v":0}
{"name":"XHT","hostname":"izbp12d9lw9h092tonhvfpz","pid":32257,"level":50,"msg":"苏A0B812 not found!","time":"2020-08-27T08:18:45.621Z","v":0}
{"name":"XHT","hostname":"izbp12d9lw9h092tonhvfpz","pid":32257,"level":50,"msg":"苏A0B812 not found!","time":"2020-08-27T08:18:45.622Z","v":0}
{"name":"XHT","hostname":"izbp12d9lw9h092tonhvfpz","pid":32257,"level":50,"msg":"苏A0B812 not found!","time":"2020-08-27T08:18:45.622Z","v":0}
{"name":"XHT","hostname":"izbp12d9lw9h092tonhvfpz","pid":32257,"level":50,"msg":"苏A0B812 not found!","time":"2020-08-27T08:18:45.622Z","v":0}
{"name":"XHT","hostname":"izbp12d9lw9h092tonhvfpz","pid":32257,"level":50,"msg":"苏A0B812 not found!","time":"2020-08-27T08:18:45.622Z","v":0}
{"name":"XHT","hostname":"izbp12d9lw9h092tonhvfpz","pid":32257,"level":50,"msg":"苏A0B812 not found!","time":"2020-08-27T08:18:45.622Z","v":0}
{"name":"XHT","hostname":"izbp12d9lw9h092tonhvfpz","pid":32257,"level":50,"msg":"苏AOB812 not found!","time":"2020-08-27T08:18:46.552Z","v":0}
{"name":"XHT","hostname":"izbp12d9lw9h092tonhvfpz","pid":32257,"level":50,"msg":"苏AOB812 not found!","time":"2020-08-27T08:18:46.552Z","v":0}
{"name":"XHT","hostname":"izbp12d9lw9h092tonhvfpz","pid":32257,"level":50,"msg":"苏AOB812 not found!","time":"2020-08-27T08:18:46.552Z","v":0}
{"name":"XHT","hostname":"izbp12d9lw9h092tonhvfpz","pid":32257,"level":50,"msg":"苏AOB812 not found!","time":"2020-08-27T08:18:46.552Z","v":0}
{"name":"XHT","hostname":"izbp12d9lw9h092tonhvfpz","pid":32257,"level":50,"msg":"苏AOB812 not found!","time":"2020-08-27T08:18:46.553Z","v":0}
{"name":"XHT","hostname":"izbp12d9lw9h092tonhvfpz","pid":32257,"level":50,"msg":"苏AOB812 not found!","time":"2020-08-27T08:18:46.553Z","v":0}
{"name":"XHT","hostname":"izbp12d9lw9h092tonhvfpz","pid":32257,"level":50,"msg":"苏AOB812 not found!","time":"2020-08-27T08:18:46.553Z","v":0}
{"name":"XHT","hostname":"izbp12d9lw9h092tonhvfpz","pid":32257,"level":50,"msg":"苏A0B812 not found!","time":"2020-09-03T01:49:07.306Z","v":0}
{"name":"XHT","hostname":"izbp12d9lw9h092tonhvfpz","pid":32257,"level":50,"msg":"苏A0B812 not found!","time":"2020-09-03T01:49:07.363Z","v":0}
{"name":"XHT","hostname":"izbp12d9lw9h092tonhvfpz","pid":32257,"level":50,"msg":"苏A0B812 not found!","time":"2020-09-03T01:49:07.363Z","v":0}
{"name":"XHT","hostname":"izbp12d9lw9h092tonhvfpz","pid":32257,"level":50,"msg":"苏A0B812 not found!","time":"2020-09-03T01:49:07.363Z","v":0}
{"name":"XHT","hostname":"izbp12d9lw9h092tonhvfpz","pid":32257,"level":50,"msg":"苏A0B812 not found!","time":"2020-09-03T01:49:07.363Z","v":0}
{"name":"XHT","hostname":"izbp12d9lw9h092tonhvfpz","pid":32257,"level":50,"msg":"苏A0B812 not found!","time":"2020-09-03T01:49:07.363Z","v":0}
{"name":"XHT","hostname":"izbp12d9lw9h092tonhvfpz","pid":32257,"level":50,"msg":"苏A0B812 not found!","time":"2020-09-03T01:49:07.363Z","v":0}
{"name":"XHT","hostname":"izbp12d9lw9h092tonhvfpz","pid":32257,"level":50,"msg":"苏AOB812 not found!","time":"2020-09-03T01:49:08.283Z","v":0}
{"name":"XHT","hostname":"izbp12d9lw9h092tonhvfpz","pid":32257,"level":50,"msg":"苏AOB812 not found!","time":"2020-09-03T01:49:08.283Z","v":0}
{"name":"XHT","hostname":"izbp12d9lw9h092tonhvfpz","pid":32257,"level":50,"msg":"苏AOB812 not found!","time":"2020-09-03T01:49:08.283Z","v":0}
{"name":"XHT","hostname":"izbp12d9lw9h092tonhvfpz","pid":32257,"level":50,"msg":"苏AOB812 not found!","time":"2020-09-03T01:49:08.283Z","v":0}
{"name":"XHT","hostname":"izbp12d9lw9h092tonhvfpz","pid":32257,"level":50,"msg":"苏AOB812 not found!","time":"2020-09-03T01:49:08.283Z","v":0}
{"name":"XHT","hostname":"izbp12d9lw9h092tonhvfpz","pid":32257,"level":50,"msg":"苏AOB812 not found!","time":"2020-09-03T01:49:08.283Z","v":0}
{"name":"XHT","hostname":"izbp12d9lw9h092tonhvfpz","pid":32257,"level":50,"msg":"苏AOB812 not found!","time":"2020-09-03T01:49:08.283Z","v":0}
{"name":"XHT","hostname":"izbp12d9lw9h092tonhvfpz","pid":32257,"level":50,"msg":"苏A0B812 not found!","time":"2020-09-11T06:03:48.494Z","v":0}
{"name":"XHT","hostname":"izbp12d9lw9h092tonhvfpz","pid":32257,"level":50,"msg":"苏A0B812 not found!","time":"2020-09-11T06:03:48.550Z","v":0}
{"name":"XHT","hostname":"izbp12d9lw9h092tonhvfpz","pid":32257,"level":50,"msg":"苏A0B812 not found!","time":"2020-09-11T06:03:48.550Z","v":0}
{"name":"XHT","hostname":"izbp12d9lw9h092tonhvfpz","pid":32257,"level":50,"msg":"苏A0B812 not found!","time":"2020-09-11T06:03:48.550Z","v":0}
{"name":"XHT","hostname":"izbp12d9lw9h092tonhvfpz","pid":32257,"level":50,"msg":"苏A0B812 not found!","time":"2020-09-11T06:03:48.550Z","v":0}
{"name":"XHT","hostname":"izbp12d9lw9h092tonhvfpz","pid":32257,"level":50,"msg":"苏A0B812 not found!","time":"2020-09-11T06:03:48.550Z","v":0}
{"name":"XHT","hostname":"izbp12d9lw9h092tonhvfpz","pid":32257,"level":50,"msg":"苏A0B812 not found!","time":"2020-09-11T06:03:48.550Z","v":0}
{"name":"XHT","hostname":"izbp12d9lw9h092tonhvfpz","pid":32257,"level":50,"msg":"苏AOB812 not found!","time":"2020-09-11T06:03:49.413Z","v":0}
{"name":"XHT","hostname":"izbp12d9lw9h092tonhvfpz","pid":32257,"level":50,"msg":"苏AOB812 not found!","time":"2020-09-11T06:03:49.413Z","v":0}
{"name":"XHT","hostname":"izbp12d9lw9h092tonhvfpz","pid":32257,"level":50,"msg":"苏AOB812 not found!","time":"2020-09-11T06:03:49.413Z","v":0}
{"name":"XHT","hostname":"izbp12d9lw9h092tonhvfpz","pid":32257,"level":50,"msg":"苏AOB812 not found!","time":"2020-09-11T06:03:49.413Z","v":0}
{"name":"XHT","hostname":"izbp12d9lw9h092tonhvfpz","pid":32257,"level":50,"msg":"苏AOB812 not found!","time":"2020-09-11T06:03:49.413Z","v":0}
{"name":"XHT","hostname":"izbp12d9lw9h092tonhvfpz","pid":32257,"level":50,"msg":"苏AOB812 not found!","time":"2020-09-11T06:03:49.413Z","v":0}
{"name":"XHT","hostname":"izbp12d9lw9h092tonhvfpz","pid":32257,"level":50,"msg":"苏AOB812 not found!","time":"2020-09-11T06:03:49.413Z","v":0}
{"name":"XHT","hostname":"izbp12d9lw9h092tonhvfpz","pid":32257,"level":50,"msg":"苏A0B812 not found!","time":"2020-09-11T08:08:26.292Z","v":0}
{"name":"XHT","hostname":"izbp12d9lw9h092tonhvfpz","pid":32257,"level":50,"msg":"苏A0B812 not found!","time":"2020-09-11T08:08:26.345Z","v":0}
{"name":"XHT","hostname":"izbp12d9lw9h092tonhvfpz","pid":32257,"level":50,"msg":"苏A0B812 not found!","time":"2020-09-11T08:08:26.345Z","v":0}
{"name":"XHT","hostname":"izbp12d9lw9h092tonhvfpz","pid":32257,"level":50,"msg":"苏A0B812 not found!","time":"2020-09-11T08:08:26.345Z","v":0}
{"name":"XHT","hostname":"izbp12d9lw9h092tonhvfpz","pid":32257,"level":50,"msg":"苏A0B812 not found!","time":"2020-09-11T08:08:26.345Z","v":0}
{"name":"XHT","hostname":"izbp12d9lw9h092tonhvfpz","pid":32257,"level":50,"msg":"苏A0B812 not found!","time":"2020-09-11T08:08:26.345Z","v":0}
{"name":"XHT","hostname":"izbp12d9lw9h092tonhvfpz","pid":32257,"level":50,"msg":"苏A0B812 not found!","time":"2020-09-11T08:08:26.345Z","v":0}
{"name":"XHT","hostname":"izbp12d9lw9h092tonhvfpz","pid":32257,"level":50,"msg":"苏AOB812 not found!","time":"2020-09-11T08:08:27.224Z","v":0}
{"name":"XHT","hostname":"izbp12d9lw9h092tonhvfpz","pid":32257,"level":50,"msg":"苏AOB812 not found!","time":"2020-09-11T08:08:27.224Z","v":0}
{"name":"XHT","hostname":"izbp12d9lw9h092tonhvfpz","pid":32257,"level":50,"msg":"苏AOB812 not found!","time":"2020-09-11T08:08:27.224Z","v":0}
{"name":"XHT","hostname":"izbp12d9lw9h092tonhvfpz","pid":32257,"level":50,"msg":"苏AOB812 not found!","time":"2020-09-11T08:08:27.224Z","v":0}
{"name":"XHT","hostname":"izbp12d9lw9h092tonhvfpz","pid":32257,"level":50,"msg":"苏AOB812 not found!","time":"2020-09-11T08:08:27.224Z","v":0}
{"name":"XHT","hostname":"izbp12d9lw9h092tonhvfpz","pid":32257,"level":50,"msg":"苏AOB812 not found!","time":"2020-09-11T08:08:27.224Z","v":0}
{"name":"XHT","hostname":"izbp12d9lw9h092tonhvfpz","pid":32257,"level":50,"msg":"苏AOB812 not found!","time":"2020-09-11T08:08:27.224Z","v":0}
{"name":"XHT","hostname":"izbp12d9lw9h092tonhvfpz","pid":32257,"level":50,"msg":"苏A0B812 not found!","time":"2020-09-14T01:48:25.605Z","v":0}
{"name":"XHT","hostname":"izbp12d9lw9h092tonhvfpz","pid":32257,"level":50,"msg":"苏A0B812 not found!","time":"2020-09-14T01:48:25.659Z","v":0}
{"name":"XHT","hostname":"izbp12d9lw9h092tonhvfpz","pid":32257,"level":50,"msg":"苏A0B812 not found!","time":"2020-09-14T01:48:25.659Z","v":0}
{"name":"XHT","hostname":"izbp12d9lw9h092tonhvfpz","pid":32257,"level":50,"msg":"苏A0B812 not found!","time":"2020-09-14T01:48:25.659Z","v":0}
{"name":"XHT","hostname":"izbp12d9lw9h092tonhvfpz","pid":32257,"level":50,"msg":"苏A0B812 not found!","time":"2020-09-14T01:48:25.659Z","v":0}
{"name":"XHT","hostname":"izbp12d9lw9h092tonhvfpz","pid":32257,"level":50,"msg":"苏A0B812 not found!","time":"2020-09-14T01:48:25.660Z","v":0}
{"name":"XHT","hostname":"izbp12d9lw9h092tonhvfpz","pid":32257,"level":50,"msg":"苏A0B812 not found!","time":"2020-09-14T01:48:25.660Z","v":0}
{"name":"XHT","hostname":"izbp12d9lw9h092tonhvfpz","pid":32257,"level":50,"msg":"苏AOB812 not found!","time":"2020-09-14T01:48:26.532Z","v":0}
{"name":"XHT","hostname":"izbp12d9lw9h092tonhvfpz","pid":32257,"level":50,"msg":"苏AOB812 not found!","time":"2020-09-14T01:48:26.532Z","v":0}
{"name":"XHT","hostname":"izbp12d9lw9h092tonhvfpz","pid":32257,"level":50,"msg":"苏AOB812 not found!","time":"2020-09-14T01:48:26.532Z","v":0}
{"name":"XHT","hostname":"izbp12d9lw9h092tonhvfpz","pid":32257,"level":50,"msg":"苏AOB812 not found!","time":"2020-09-14T01:48:26.532Z","v":0}
{"name":"XHT","hostname":"izbp12d9lw9h092tonhvfpz","pid":32257,"level":50,"msg":"苏AOB812 not found!","time":"2020-09-14T01:48:26.532Z","v":0}
{"name":"XHT","hostname":"izbp12d9lw9h092tonhvfpz","pid":32257,"level":50,"msg":"苏AOB812 not found!","time":"2020-09-14T01:48:26.532Z","v":0}
{"name":"XHT","hostname":"izbp12d9lw9h092tonhvfpz","pid":32257,"level":50,"msg":"苏AOB812 not found!","time":"2020-09-14T01:48:26.532Z","v":0}
{"name":"XHT","hostname":"izbp12d9lw9h092tonhvfpz","pid":32257,"level":50,"msg":"苏A0B812 not found!","time":"2020-09-14T08:47:35.919Z","v":0}
{"name":"XHT","hostname":"izbp12d9lw9h092tonhvfpz","pid":32257,"level":50,"msg":"苏A0B812 not found!","time":"2020-09-14T08:47:35.973Z","v":0}
{"name":"XHT","hostname":"izbp12d9lw9h092tonhvfpz","pid":32257,"level":50,"msg":"苏A0B812 not found!","time":"2020-09-14T08:47:35.973Z","v":0}
{"name":"XHT","hostname":"izbp12d9lw9h092tonhvfpz","pid":32257,"level":50,"msg":"苏A0B812 not found!","time":"2020-09-14T08:47:35.973Z","v":0}
{"name":"XHT","hostname":"izbp12d9lw9h092tonhvfpz","pid":32257,"level":50,"msg":"苏A0B812 not found!","time":"2020-09-14T08:47:35.974Z","v":0}
{"name":"XHT","hostname":"izbp12d9lw9h092tonhvfpz","pid":32257,"level":50,"msg":"苏A0B812 not found!","time":"2020-09-14T08:47:35.974Z","v":0}
{"name":"XHT","hostname":"izbp12d9lw9h092tonhvfpz","pid":32257,"level":50,"msg":"苏A0B812 not found!","time":"2020-09-14T08:47:35.974Z","v":0}
{"name":"XHT","hostname":"izbp12d9lw9h092tonhvfpz","pid":32257,"level":50,"msg":"苏AOB812 not found!","time":"2020-09-14T08:47:36.831Z","v":0}
{"name":"XHT","hostname":"izbp12d9lw9h092tonhvfpz","pid":32257,"level":50,"msg":"苏AOB812 not found!","time":"2020-09-14T08:47:36.831Z","v":0}
{"name":"XHT","hostname":"izbp12d9lw9h092tonhvfpz","pid":32257,"level":50,"msg":"苏AOB812 not found!","time":"2020-09-14T08:47:36.832Z","v":0}
{"name":"XHT","hostname":"izbp12d9lw9h092tonhvfpz","pid":32257,"level":50,"msg":"苏AOB812 not found!","time":"2020-09-14T08:47:36.832Z","v":0}
{"name":"XHT","hostname":"izbp12d9lw9h092tonhvfpz","pid":32257,"level":50,"msg":"苏AOB812 not found!","time":"2020-09-14T08:47:36.832Z","v":0}
{"name":"XHT","hostname":"izbp12d9lw9h092tonhvfpz","pid":32257,"level":50,"msg":"苏AOB812 not found!","time":"2020-09-14T08:47:36.832Z","v":0}
{"name":"XHT","hostname":"izbp12d9lw9h092tonhvfpz","pid":32257,"level":50,"msg":"苏AOB812 not found!","time":"2020-09-14T08:47:36.832Z","v":0}
{"name":"XHT","hostname":"izbp12d9lw9h092tonhvfpz","pid":32257,"level":50,"msg":"苏A0B812 not found!","time":"2020-09-15T07:19:40.432Z","v":0}
{"name":"XHT","hostname":"izbp12d9lw9h092tonhvfpz","pid":32257,"level":50,"msg":"苏A0B812 not found!","time":"2020-09-15T07:19:40.486Z","v":0}
{"name":"XHT","hostname":"izbp12d9lw9h092tonhvfpz","pid":32257,"level":50,"msg":"苏A0B812 not found!","time":"2020-09-15T07:19:40.486Z","v":0}
{"name":"XHT","hostname":"izbp12d9lw9h092tonhvfpz","pid":32257,"level":50,"msg":"苏A0B812 not found!","time":"2020-09-15T07:19:40.486Z","v":0}
{"name":"XHT","hostname":"izbp12d9lw9h092tonhvfpz","pid":32257,"level":50,"msg":"苏A0B812 not found!","time":"2020-09-15T07:19:40.486Z","v":0}
{"name":"XHT","hostname":"izbp12d9lw9h092tonhvfpz","pid":32257,"level":50,"msg":"苏A0B812 not found!","time":"2020-09-15T07:19:40.487Z","v":0}
{"name":"XHT","hostname":"izbp12d9lw9h092tonhvfpz","pid":32257,"level":50,"msg":"苏A0B812 not found!","time":"2020-09-15T07:19:40.487Z","v":0}
{"name":"XHT","hostname":"izbp12d9lw9h092tonhvfpz","pid":32257,"level":50,"msg":"苏AOB812 not found!","time":"2020-09-15T07:19:41.346Z","v":0}
{"name":"XHT","hostname":"izbp12d9lw9h092tonhvfpz","pid":32257,"level":50,"msg":"苏AOB812 not found!","time":"2020-09-15T07:19:41.346Z","v":0}
{"name":"XHT","hostname":"izbp12d9lw9h092tonhvfpz","pid":32257,"level":50,"msg":"苏AOB812 not found!","time":"2020-09-15T07:19:41.346Z","v":0}
{"name":"XHT","hostname":"izbp12d9lw9h092tonhvfpz","pid":32257,"level":50,"msg":"苏AOB812 not found!","time":"2020-09-15T07:19:41.346Z","v":0}
{"name":"XHT","hostname":"izbp12d9lw9h092tonhvfpz","pid":32257,"level":50,"msg":"苏AOB812 not found!","time":"2020-09-15T07:19:41.346Z","v":0}
{"name":"XHT","hostname":"izbp12d9lw9h092tonhvfpz","pid":32257,"level":50,"msg":"苏AOB812 not found!","time":"2020-09-15T07:19:41.346Z","v":0}
{"name":"XHT","hostname":"izbp12d9lw9h092tonhvfpz","pid":32257,"level":50,"msg":"苏AOB812 not found!","time":"2020-09-15T07:19:41.346Z","v":0}
{"name":"XHT","hostname":"izbp12d9lw9h092tonhvfpz","pid":30914,"level":50,"msg":"苏A0B812 not found!","time":"2020-10-19T07:35:28.037Z","v":0}
{"name":"XHT","hostname":"izbp12d9lw9h092tonhvfpz","pid":30914,"level":50,"msg":"苏A0B812 not found!","time":"2020-10-19T07:35:28.096Z","v":0}
{"name":"XHT","hostname":"izbp12d9lw9h092tonhvfpz","pid":30914,"level":50,"msg":"苏A0B812 not found!","time":"2020-10-19T07:35:28.096Z","v":0}
{"name":"XHT","hostname":"izbp12d9lw9h092tonhvfpz","pid":30914,"level":50,"msg":"苏A0B812 not found!","time":"2020-10-19T07:35:28.097Z","v":0}
{"name":"XHT","hostname":"izbp12d9lw9h092tonhvfpz","pid":30914,"level":50,"msg":"苏A0B812 not found!","time":"2020-10-19T07:35:28.097Z","v":0}
{"name":"XHT","hostname":"izbp12d9lw9h092tonhvfpz","pid":30914,"level":50,"msg":"苏A0B812 not found!","time":"2020-10-19T07:35:28.097Z","v":0}
{"name":"XHT","hostname":"izbp12d9lw9h092tonhvfpz","pid":30914,"level":50,"msg":"苏A0B812 not found!","time":"2020-10-19T07:35:28.097Z","v":0}
{"name":"XHT","hostname":"izbp12d9lw9h092tonhvfpz","pid":30914,"level":50,"msg":"苏AOB812 not found!","time":"2020-10-19T07:35:29.040Z","v":0}
{"name":"XHT","hostname":"izbp12d9lw9h092tonhvfpz","pid":30914,"level":50,"msg":"苏AOB812 not found!","time":"2020-10-19T07:35:29.041Z","v":0}
{"name":"XHT","hostname":"izbp12d9lw9h092tonhvfpz","pid":30914,"level":50,"msg":"苏AOB812 not found!","time":"2020-10-19T07:35:29.041Z","v":0}
{"name":"XHT","hostname":"izbp12d9lw9h092tonhvfpz","pid":30914,"level":50,"msg":"苏AOB812 not found!","time":"2020-10-19T07:35:29.041Z","v":0}
{"name":"XHT","hostname":"izbp12d9lw9h092tonhvfpz","pid":30914,"level":50,"msg":"苏AOB812 not found!","time":"2020-10-19T07:35:29.041Z","v":0}
{"name":"XHT","hostname":"izbp12d9lw9h092tonhvfpz","pid":30914,"level":50,"msg":"苏AOB812 not found!","time":"2020-10-19T07:35:29.041Z","v":0}
{"name":"XHT","hostname":"izbp12d9lw9h092tonhvfpz","pid":30914,"level":50,"msg":"苏AOB812 not found!","time":"2020-10-19T07:35:29.041Z","v":0}
{"name":"XHT","hostname":"izbp12d9lw9h092tonhvfpz","pid":30914,"level":50,"msg":"苏A0B812 not found!","time":"2020-10-19T08:42:29.312Z","v":0}
{"name":"XHT","hostname":"izbp12d9lw9h092tonhvfpz","pid":30914,"level":50,"msg":"苏A0B812 not found!","time":"2020-10-19T08:42:29.368Z","v":0}
{"name":"XHT","hostname":"izbp12d9lw9h092tonhvfpz","pid":30914,"level":50,"msg":"苏A0B812 not found!","time":"2020-10-19T08:42:29.368Z","v":0}
{"name":"XHT","hostname":"izbp12d9lw9h092tonhvfpz","pid":30914,"level":50,"msg":"苏A0B812 not found!","time":"2020-10-19T08:42:29.368Z","v":0}
{"name":"XHT","hostname":"izbp12d9lw9h092tonhvfpz","pid":30914,"level":50,"msg":"苏A0B812 not found!","time":"2020-10-19T08:42:29.368Z","v":0}
{"name":"XHT","hostname":"izbp12d9lw9h092tonhvfpz","pid":30914,"level":50,"msg":"苏A0B812 not found!","time":"2020-10-19T08:42:29.369Z","v":0}
{"name":"XHT","hostname":"izbp12d9lw9h092tonhvfpz","pid":30914,"level":50,"msg":"苏A0B812 not found!","time":"2020-10-19T08:42:29.369Z","v":0}
{"name":"XHT","hostname":"izbp12d9lw9h092tonhvfpz","pid":30914,"level":50,"msg":"苏AOB812 not found!","time":"2020-10-19T08:42:30.251Z","v":0}
{"name":"XHT","hostname":"izbp12d9lw9h092tonhvfpz","pid":30914,"level":50,"msg":"苏AOB812 not found!","time":"2020-10-19T08:42:30.251Z","v":0}
{"name":"XHT","hostname":"izbp12d9lw9h092tonhvfpz","pid":30914,"level":50,"msg":"苏AOB812 not found!","time":"2020-10-19T08:42:30.251Z","v":0}
{"name":"XHT","hostname":"izbp12d9lw9h092tonhvfpz","pid":30914,"level":50,"msg":"苏AOB812 not found!","time":"2020-10-19T08:42:30.251Z","v":0}
{"name":"XHT","hostname":"izbp12d9lw9h092tonhvfpz","pid":30914,"level":50,"msg":"苏AOB812 not found!","time":"2020-10-19T08:42:30.251Z","v":0}
{"name":"XHT","hostname":"izbp12d9lw9h092tonhvfpz","pid":30914,"level":50,"msg":"苏AOB812 not found!","time":"2020-10-19T08:42:30.251Z","v":0}
{"name":"XHT","hostname":"izbp12d9lw9h092tonhvfpz","pid":30914,"level":50,"msg":"苏AOB812 not found!","time":"2020-10-19T08:42:30.251Z","v":0}
{"name":"XHT","hostname":"izbp12d9lw9h092tonhvfpz","pid":30914,"level":50,"msg":"苏A0B812 not found!","time":"2020-10-20T01:56:12.927Z","v":0}
{"name":"XHT","hostname":"izbp12d9lw9h092tonhvfpz","pid":30914,"level":50,"msg":"苏A0B812 not found!","time":"2020-10-20T01:56:12.986Z","v":0}
{"name":"XHT","hostname":"izbp12d9lw9h092tonhvfpz","pid":30914,"level":50,"msg":"苏A0B812 not found!","time":"2020-10-20T01:56:12.986Z","v":0}
{"name":"XHT","hostname":"izbp12d9lw9h092tonhvfpz","pid":30914,"level":50,"msg":"苏A0B812 not found!","time":"2020-10-20T01:56:12.986Z","v":0}
{"name":"XHT","hostname":"izbp12d9lw9h092tonhvfpz","pid":30914,"level":50,"msg":"苏A0B812 not found!","time":"2020-10-20T01:56:12.986Z","v":0}
{"name":"XHT","hostname":"izbp12d9lw9h092tonhvfpz","pid":30914,"level":50,"msg":"苏A0B812 not found!","time":"2020-10-20T01:56:12.986Z","v":0}
{"name":"XHT","hostname":"izbp12d9lw9h092tonhvfpz","pid":30914,"level":50,"msg":"苏A0B812 not found!","time":"2020-10-20T01:56:12.986Z","v":0}
{"name":"XHT","hostname":"izbp12d9lw9h092tonhvfpz","pid":30914,"level":50,"msg":"苏AOB812 not found!","time":"2020-10-20T01:56:13.875Z","v":0}
{"name":"XHT","hostname":"izbp12d9lw9h092tonhvfpz","pid":30914,"level":50,"msg":"苏AOB812 not found!","time":"2020-10-20T01:56:13.875Z","v":0}
{"name":"XHT","hostname":"izbp12d9lw9h092tonhvfpz","pid":30914,"level":50,"msg":"苏AOB812 not found!","time":"2020-10-20T01:56:13.875Z","v":0}
{"name":"XHT","hostname":"izbp12d9lw9h092tonhvfpz","pid":30914,"level":50,"msg":"苏AOB812 not found!","time":"2020-10-20T01:56:13.875Z","v":0}
{"name":"XHT","hostname":"izbp12d9lw9h092tonhvfpz","pid":30914,"level":50,"msg":"苏AOB812 not found!","time":"2020-10-20T01:56:13.875Z","v":0}
{"name":"XHT","hostname":"izbp12d9lw9h092tonhvfpz","pid":30914,"level":50,"msg":"苏AOB812 not found!","time":"2020-10-20T01:56:13.875Z","v":0}
{"name":"XHT","hostname":"izbp12d9lw9h092tonhvfpz","pid":30914,"level":50,"msg":"苏AOB812 not found!","time":"2020-10-20T01:56:13.875Z","v":0}
{"name":"XHT","hostname":"izbp12d9lw9h092tonhvfpz","pid":13178,"level":50,"msg":"苏A0B812 not found!","time":"2020-11-03T07:44:12.225Z","v":0}
{"name":"XHT","hostname":"izbp12d9lw9h092tonhvfpz","pid":13178,"level":50,"msg":"苏A0B812 not found!","time":"2020-11-03T07:44:12.287Z","v":0}
{"name":"XHT","hostname":"izbp12d9lw9h092tonhvfpz","pid":13178,"level":50,"msg":"苏A0B812 not found!","time":"2020-11-03T07:44:12.287Z","v":0}
{"name":"XHT","hostname":"izbp12d9lw9h092tonhvfpz","pid":13178,"level":50,"msg":"苏A0B812 not found!","time":"2020-11-03T07:44:12.287Z","v":0}
{"name":"XHT","hostname":"izbp12d9lw9h092tonhvfpz","pid":13178,"level":50,"msg":"苏A0B812 not found!","time":"2020-11-03T07:44:12.288Z","v":0}
{"name":"XHT","hostname":"izbp12d9lw9h092tonhvfpz","pid":13178,"level":50,"msg":"苏A0B812 not found!","time":"2020-11-03T07:44:12.288Z","v":0}
{"name":"XHT","hostname":"izbp12d9lw9h092tonhvfpz","pid":13178,"level":50,"msg":"苏A0B812 not found!","time":"2020-11-03T07:44:12.288Z","v":0}
{"name":"XHT","hostname":"izbp12d9lw9h092tonhvfpz","pid":13178,"level":50,"msg":"苏AOB812 not found!","time":"2020-11-03T07:44:13.216Z","v":0}
{"name":"XHT","hostname":"izbp12d9lw9h092tonhvfpz","pid":13178,"level":50,"msg":"苏AOB812 not found!","time":"2020-11-03T07:44:13.216Z","v":0}
{"name":"XHT","hostname":"izbp12d9lw9h092tonhvfpz","pid":13178,"level":50,"msg":"苏AOB812 not found!","time":"2020-11-03T07:44:13.216Z","v":0}
{"name":"XHT","hostname":"izbp12d9lw9h092tonhvfpz","pid":13178,"level":50,"msg":"苏AOB812 not found!","time":"2020-11-03T07:44:13.216Z","v":0}
{"name":"XHT","hostname":"izbp12d9lw9h092tonhvfpz","pid":13178,"level":50,"msg":"苏AOB812 not found!","time":"2020-11-03T07:44:13.216Z","v":0}
{"name":"XHT","hostname":"izbp12d9lw9h092tonhvfpz","pid":13178,"level":50,"msg":"苏AOB812 not found!","time":"2020-11-03T07:44:13.216Z","v":0}
{"name":"XHT","hostname":"izbp12d9lw9h092tonhvfpz","pid":13178,"level":50,"msg":"苏AOB812 not found!","time":"2020-11-03T07:44:13.216Z","v":0}
{"name":"XHT","hostname":"izbp12d9lw9h092tonhvfpz","pid":13178,"level":50,"msg":"苏A0B812 not found!","time":"2020-11-16T07:53:46.932Z","v":0}
{"name":"XHT","hostname":"izbp12d9lw9h092tonhvfpz","pid":13178,"level":50,"msg":"苏A0B812 not found!","time":"2020-11-16T07:53:46.989Z","v":0}
{"name":"XHT","hostname":"izbp12d9lw9h092tonhvfpz","pid":13178,"level":50,"msg":"苏A0B812 not found!","time":"2020-11-16T07:53:46.989Z","v":0}
{"name":"XHT","hostname":"izbp12d9lw9h092tonhvfpz","pid":13178,"level":50,"msg":"苏A0B812 not found!","time":"2020-11-16T07:53:46.990Z","v":0}
{"name":"XHT","hostname":"izbp12d9lw9h092tonhvfpz","pid":13178,"level":50,"msg":"苏A0B812 not found!","time":"2020-11-16T07:53:46.990Z","v":0}
{"name":"XHT","hostname":"izbp12d9lw9h092tonhvfpz","pid":13178,"level":50,"msg":"苏A0B812 not found!","time":"2020-11-16T07:53:46.990Z","v":0}
{"name":"XHT","hostname":"izbp12d9lw9h092tonhvfpz","pid":13178,"level":50,"msg":"苏A0B812 not found!","time":"2020-11-16T07:53:46.990Z","v":0}
{"name":"XHT","hostname":"izbp12d9lw9h092tonhvfpz","pid":13178,"level":50,"msg":"苏AOB812 not found!","time":"2020-11-16T07:53:47.877Z","v":0}
{"name":"XHT","hostname":"izbp12d9lw9h092tonhvfpz","pid":13178,"level":50,"msg":"苏AOB812 not found!","time":"2020-11-16T07:53:47.877Z","v":0}
{"name":"XHT","hostname":"izbp12d9lw9h092tonhvfpz","pid":13178,"level":50,"msg":"苏AOB812 not found!","time":"2020-11-16T07:53:47.877Z","v":0}
{"name":"XHT","hostname":"izbp12d9lw9h092tonhvfpz","pid":13178,"level":50,"msg":"苏AOB812 not found!","time":"2020-11-16T07:53:47.877Z","v":0}
{"name":"XHT","hostname":"izbp12d9lw9h092tonhvfpz","pid":13178,"level":50,"msg":"苏AOB812 not found!","time":"2020-11-16T07:53:47.877Z","v":0}
{"name":"XHT","hostname":"izbp12d9lw9h092tonhvfpz","pid":13178,"level":50,"msg":"苏AOB812 not found!","time":"2020-11-16T07:53:47.877Z","v":0}
{"name":"XHT","hostname":"izbp12d9lw9h092tonhvfpz","pid":13178,"level":50,"msg":"苏AOB812 not found!","time":"2020-11-16T07:53:47.877Z","v":0}
{"name":"XHT","hostname":"izbp12d9lw9h092tonhvfpz","pid":13178,"level":50,"msg":"苏A0B812 not found!","time":"2020-11-17T05:35:34.807Z","v":0}
{"name":"XHT","hostname":"izbp12d9lw9h092tonhvfpz","pid":13178,"level":50,"msg":"苏A0B812 not found!","time":"2020-11-17T05:35:34.864Z","v":0}
{"name":"XHT","hostname":"izbp12d9lw9h092tonhvfpz","pid":13178,"level":50,"msg":"苏A0B812 not found!","time":"2020-11-17T05:35:34.864Z","v":0}
{"name":"XHT","hostname":"izbp12d9lw9h092tonhvfpz","pid":13178,"level":50,"msg":"苏A0B812 not found!","time":"2020-11-17T05:35:34.864Z","v":0}
{"name":"XHT","hostname":"izbp12d9lw9h092tonhvfpz","pid":13178,"level":50,"msg":"苏A0B812 not found!","time":"2020-11-17T05:35:34.865Z","v":0}
{"name":"XHT","hostname":"izbp12d9lw9h092tonhvfpz","pid":13178,"level":50,"msg":"苏A0B812 not found!","time":"2020-11-17T05:35:34.865Z","v":0}
{"name":"XHT","hostname":"izbp12d9lw9h092tonhvfpz","pid":13178,"level":50,"msg":"苏A0B812 not found!","time":"2020-11-17T05:35:34.865Z","v":0}
{"name":"XHT","hostname":"izbp12d9lw9h092tonhvfpz","pid":13178,"level":50,"msg":"苏AOB812 not found!","time":"2020-11-17T05:35:35.766Z","v":0}
{"name":"XHT","hostname":"izbp12d9lw9h092tonhvfpz","pid":13178,"level":50,"msg":"苏AOB812 not found!","time":"2020-11-17T05:35:35.766Z","v":0}
{"name":"XHT","hostname":"izbp12d9lw9h092tonhvfpz","pid":13178,"level":50,"msg":"苏AOB812 not found!","time":"2020-11-17T05:35:35.766Z","v":0}
{"name":"XHT","hostname":"izbp12d9lw9h092tonhvfpz","pid":13178,"level":50,"msg":"苏AOB812 not found!","time":"2020-11-17T05:35:35.766Z","v":0}
{"name":"XHT","hostname":"izbp12d9lw9h092tonhvfpz","pid":13178,"level":50,"msg":"苏AOB812 not found!","time":"2020-11-17T05:35:35.766Z","v":0}
{"name":"XHT","hostname":"izbp12d9lw9h092tonhvfpz","pid":13178,"level":50,"msg":"苏AOB812 not found!","time":"2020-11-17T05:35:35.766Z","v":0}
{"name":"XHT","hostname":"izbp12d9lw9h092tonhvfpz","pid":13178,"level":50,"msg":"苏AOB812 not found!","time":"2020-11-17T05:35:35.766Z","v":0}
{"name":"XHT","hostname":"izbp12d9lw9h092tonhvfpz","pid":13178,"level":50,"msg":"苏A0B812 not found!","time":"2020-11-17T05:50:13.034Z","v":0}
{"name":"XHT","hostname":"izbp12d9lw9h092tonhvfpz","pid":13178,"level":50,"msg":"苏A0B812 not found!","time":"2020-11-17T05:50:13.090Z","v":0}
{"name":"XHT","hostname":"izbp12d9lw9h092tonhvfpz","pid":13178,"level":50,"msg":"苏A0B812 not found!","time":"2020-11-17T05:50:13.090Z","v":0}
{"name":"XHT","hostname":"izbp12d9lw9h092tonhvfpz","pid":13178,"level":50,"msg":"苏A0B812 not found!","time":"2020-11-17T05:50:13.090Z","v":0}
{"name":"XHT","hostname":"izbp12d9lw9h092tonhvfpz","pid":13178,"level":50,"msg":"苏A0B812 not found!","time":"2020-11-17T05:50:13.090Z","v":0}
{"name":"XHT","hostname":"izbp12d9lw9h092tonhvfpz","pid":13178,"level":50,"msg":"苏A0B812 not found!","time":"2020-11-17T05:50:13.090Z","v":0}
{"name":"XHT","hostname":"izbp12d9lw9h092tonhvfpz","pid":13178,"level":50,"msg":"苏A0B812 not found!","time":"2020-11-17T05:50:13.090Z","v":0}
{"name":"XHT","hostname":"izbp12d9lw9h092tonhvfpz","pid":13178,"level":50,"msg":"苏AOB812 not found!","time":"2020-11-17T05:50:13.970Z","v":0}
{"name":"XHT","hostname":"izbp12d9lw9h092tonhvfpz","pid":13178,"level":50,"msg":"苏AOB812 not found!","time":"2020-11-17T05:50:13.970Z","v":0}
{"name":"XHT","hostname":"izbp12d9lw9h092tonhvfpz","pid":13178,"level":50,"msg":"苏AOB812 not found!","time":"2020-11-17T05:50:13.970Z","v":0}
{"name":"XHT","hostname":"izbp12d9lw9h092tonhvfpz","pid":13178,"level":50,"msg":"苏AOB812 not found!","time":"2020-11-17T05:50:13.970Z","v":0}
{"name":"XHT","hostname":"izbp12d9lw9h092tonhvfpz","pid":13178,"level":50,"msg":"苏AOB812 not found!","time":"2020-11-17T05:50:13.970Z","v":0}
{"name":"XHT","hostname":"izbp12d9lw9h092tonhvfpz","pid":13178,"level":50,"msg":"苏AOB812 not found!","time":"2020-11-17T05:50:13.970Z","v":0}
{"name":"XHT","hostname":"izbp12d9lw9h092tonhvfpz","pid":13178,"level":50,"msg":"苏AOB812 not found!","time":"2020-11-17T05:50:13.970Z","v":0}
{"name":"XHT","hostname":"izbp12d9lw9h092tonhvfpz","pid":13178,"level":50,"msg":"苏A0B812 not found!","time":"2020-11-17T06:33:00.225Z","v":0}
{"name":"XHT","hostname":"izbp12d9lw9h092tonhvfpz","pid":13178,"level":50,"msg":"苏A0B812 not found!","time":"2020-11-17T06:33:00.279Z","v":0}
{"name":"XHT","hostname":"izbp12d9lw9h092tonhvfpz","pid":13178,"level":50,"msg":"苏A0B812 not found!","time":"2020-11-17T06:33:00.279Z","v":0}
{"name":"XHT","hostname":"izbp12d9lw9h092tonhvfpz","pid":13178,"level":50,"msg":"苏A0B812 not found!","time":"2020-11-17T06:33:00.279Z","v":0}
{"name":"XHT","hostname":"izbp12d9lw9h092tonhvfpz","pid":13178,"level":50,"msg":"苏A0B812 not found!","time":"2020-11-17T06:33:00.279Z","v":0}
{"name":"XHT","hostname":"izbp12d9lw9h092tonhvfpz","pid":13178,"level":50,"msg":"苏A0B812 not found!","time":"2020-11-17T06:33:00.279Z","v":0}
{"name":"XHT","hostname":"izbp12d9lw9h092tonhvfpz","pid":13178,"level":50,"msg":"苏A0B812 not found!","time":"2020-11-17T06:33:00.279Z","v":0}
{"name":"XHT","hostname":"izbp12d9lw9h092tonhvfpz","pid":13178,"level":50,"msg":"苏AOB812 not found!","time":"2020-11-17T06:33:01.175Z","v":0}
{"name":"XHT","hostname":"izbp12d9lw9h092tonhvfpz","pid":13178,"level":50,"msg":"苏AOB812 not found!","time":"2020-11-17T06:33:01.175Z","v":0}
{"name":"XHT","hostname":"izbp12d9lw9h092tonhvfpz","pid":13178,"level":50,"msg":"苏AOB812 not found!","time":"2020-11-17T06:33:01.175Z","v":0}
{"name":"XHT","hostname":"izbp12d9lw9h092tonhvfpz","pid":13178,"level":50,"msg":"苏AOB812 not found!","time":"2020-11-17T06:33:01.175Z","v":0}
{"name":"XHT","hostname":"izbp12d9lw9h092tonhvfpz","pid":13178,"level":50,"msg":"苏AOB812 not found!","time":"2020-11-17T06:33:01.175Z","v":0}
{"name":"XHT","hostname":"izbp12d9lw9h092tonhvfpz","pid":13178,"level":50,"msg":"苏AOB812 not found!","time":"2020-11-17T06:33:01.175Z","v":0}
{"name":"XHT","hostname":"izbp12d9lw9h092tonhvfpz","pid":13178,"level":50,"msg":"苏AOB812 not found!","time":"2020-11-17T06:33:01.175Z","v":0}
{"name":"XHT","hostname":"izbp12d9lw9h092tonhvfpz","pid":13178,"level":50,"msg":"苏A0B812 not found!","time":"2020-12-11T03:10:49.346Z","v":0}
{"name":"XHT","hostname":"izbp12d9lw9h092tonhvfpz","pid":13178,"level":50,"msg":"苏A0B812 not found!","time":"2020-12-11T03:10:49.403Z","v":0}
{"name":"XHT","hostname":"izbp12d9lw9h092tonhvfpz","pid":13178,"level":50,"msg":"苏A0B812 not found!","time":"2020-12-11T03:10:49.403Z","v":0}
{"name":"XHT","hostname":"izbp12d9lw9h092tonhvfpz","pid":13178,"level":50,"msg":"苏A0B812 not found!","time":"2020-12-11T03:10:49.403Z","v":0}
{"name":"XHT","hostname":"izbp12d9lw9h092tonhvfpz","pid":13178,"level":50,"msg":"苏A0B812 not found!","time":"2020-12-11T03:10:49.403Z","v":0}
{"name":"XHT","hostname":"izbp12d9lw9h092tonhvfpz","pid":13178,"level":50,"msg":"苏A0B812 not found!","time":"2020-12-11T03:10:49.403Z","v":0}
{"name":"XHT","hostname":"izbp12d9lw9h092tonhvfpz","pid":13178,"level":50,"msg":"苏A0B812 not found!","time":"2020-12-11T03:10:49.403Z","v":0}
{"name":"XHT","hostname":"izbp12d9lw9h092tonhvfpz","pid":13178,"level":50,"msg":"苏AOB812 not found!","time":"2020-12-11T03:10:50.322Z","v":0}
{"name":"XHT","hostname":"izbp12d9lw9h092tonhvfpz","pid":13178,"level":50,"msg":"苏AOB812 not found!","time":"2020-12-11T03:10:50.322Z","v":0}
{"name":"XHT","hostname":"izbp12d9lw9h092tonhvfpz","pid":13178,"level":50,"msg":"苏AOB812 not found!","time":"2020-12-11T03:10:50.322Z","v":0}
{"name":"XHT","hostname":"izbp12d9lw9h092tonhvfpz","pid":13178,"level":50,"msg":"苏AOB812 not found!","time":"2020-12-11T03:10:50.322Z","v":0}
{"name":"XHT","hostname":"izbp12d9lw9h092tonhvfpz","pid":13178,"level":50,"msg":"苏AOB812 not found!","time":"2020-12-11T03:10:50.322Z","v":0}
{"name":"XHT","hostname":"izbp12d9lw9h092tonhvfpz","pid":13178,"level":50,"msg":"苏AOB812 not found!","time":"2020-12-11T03:10:50.322Z","v":0}
{"name":"XHT","hostname":"izbp12d9lw9h092tonhvfpz","pid":13178,"level":50,"msg":"苏AOB812 not found!","time":"2020-12-11T03:10:50.322Z","v":0}
{"name":"XHT","hostname":"izbp12d9lw9h092tonhvfpz","pid":13178,"level":50,"msg":"苏A0B812 not found!","time":"2020-12-11T06:25:20.874Z","v":0}
{"name":"XHT","hostname":"izbp12d9lw9h092tonhvfpz","pid":13178,"level":50,"msg":"苏A0B812 not found!","time":"2020-12-11T06:25:20.932Z","v":0}
{"name":"XHT","hostname":"izbp12d9lw9h092tonhvfpz","pid":13178,"level":50,"msg":"苏A0B812 not found!","time":"2020-12-11T06:25:20.932Z","v":0}
{"name":"XHT","hostname":"izbp12d9lw9h092tonhvfpz","pid":13178,"level":50,"msg":"苏A0B812 not found!","time":"2020-12-11T06:25:20.932Z","v":0}
{"name":"XHT","hostname":"izbp12d9lw9h092tonhvfpz","pid":13178,"level":50,"msg":"苏A0B812 not found!","time":"2020-12-11T06:25:20.932Z","v":0}
{"name":"XHT","hostname":"izbp12d9lw9h092tonhvfpz","pid":13178,"level":50,"msg":"苏A0B812 not found!","time":"2020-12-11T06:25:20.932Z","v":0}
{"name":"XHT","hostname":"izbp12d9lw9h092tonhvfpz","pid":13178,"level":50,"msg":"苏A0B812 not found!","time":"2020-12-11T06:25:20.933Z","v":0}
{"name":"XHT","hostname":"izbp12d9lw9h092tonhvfpz","pid":13178,"level":50,"msg":"苏AOB812 not found!","time":"2020-12-11T06:25:21.828Z","v":0}
{"name":"XHT","hostname":"izbp12d9lw9h092tonhvfpz","pid":13178,"level":50,"msg":"苏AOB812 not found!","time":"2020-12-11T06:25:21.828Z","v":0}
{"name":"XHT","hostname":"izbp12d9lw9h092tonhvfpz","pid":13178,"level":50,"msg":"苏AOB812 not found!","time":"2020-12-11T06:25:21.828Z","v":0}
{"name":"XHT","hostname":"izbp12d9lw9h092tonhvfpz","pid":13178,"level":50,"msg":"苏AOB812 not found!","time":"2020-12-11T06:25:21.828Z","v":0}
{"name":"XHT","hostname":"izbp12d9lw9h092tonhvfpz","pid":13178,"level":50,"msg":"苏AOB812 not found!","time":"2020-12-11T06:25:21.828Z","v":0}
{"name":"XHT","hostname":"izbp12d9lw9h092tonhvfpz","pid":13178,"level":50,"msg":"苏AOB812 not found!","time":"2020-12-11T06:25:21.829Z","v":0}
{"name":"XHT","hostname":"izbp12d9lw9h092tonhvfpz","pid":13178,"level":50,"msg":"苏AOB812 not found!","time":"2020-12-11T06:25:21.829Z","v":0}
{"name":"XHT","hostname":"izbp12d9lw9h092tonhvfpz","pid":13178,"level":50,"msg":"苏A0B812 not found!","time":"2020-12-16T02:42:30.306Z","v":0}
{"name":"XHT","hostname":"izbp12d9lw9h092tonhvfpz","pid":13178,"level":50,"msg":"苏A0B812 not found!","time":"2020-12-16T02:42:30.363Z","v":0}
{"name":"XHT","hostname":"izbp12d9lw9h092tonhvfpz","pid":13178,"level":50,"msg":"苏A0B812 not found!","time":"2020-12-16T02:42:30.364Z","v":0}
{"name":"XHT","hostname":"izbp12d9lw9h092tonhvfpz","pid":13178,"level":50,"msg":"苏A0B812 not found!","time":"2020-12-16T02:42:30.364Z","v":0}
{"name":"XHT","hostname":"izbp12d9lw9h092tonhvfpz","pid":13178,"level":50,"msg":"苏A0B812 not found!","time":"2020-12-16T02:42:30.364Z","v":0}
{"name":"XHT","hostname":"izbp12d9lw9h092tonhvfpz","pid":13178,"level":50,"msg":"苏A0B812 not found!","time":"2020-12-16T02:42:30.364Z","v":0}
{"name":"XHT","hostname":"izbp12d9lw9h092tonhvfpz","pid":13178,"level":50,"msg":"苏A0B812 not found!","time":"2020-12-16T02:42:30.364Z","v":0}
{"name":"XHT","hostname":"izbp12d9lw9h092tonhvfpz","pid":13178,"level":50,"msg":"苏AOB812 not found!","time":"2020-12-16T02:42:31.265Z","v":0}
{"name":"XHT","hostname":"izbp12d9lw9h092tonhvfpz","pid":13178,"level":50,"msg":"苏AOB812 not found!","time":"2020-12-16T02:42:31.265Z","v":0}
{"name":"XHT","hostname":"izbp12d9lw9h092tonhvfpz","pid":13178,"level":50,"msg":"苏AOB812 not found!","time":"2020-12-16T02:42:31.265Z","v":0}
{"name":"XHT","hostname":"izbp12d9lw9h092tonhvfpz","pid":13178,"level":50,"msg":"苏AOB812 not found!","time":"2020-12-16T02:42:31.265Z","v":0}
{"name":"XHT","hostname":"izbp12d9lw9h092tonhvfpz","pid":13178,"level":50,"msg":"苏AOB812 not found!","time":"2020-12-16T02:42:31.265Z","v":0}
{"name":"XHT","hostname":"izbp12d9lw9h092tonhvfpz","pid":13178,"level":50,"msg":"苏AOB812 not found!","time":"2020-12-16T02:42:31.265Z","v":0}
{"name":"XHT","hostname":"izbp12d9lw9h092tonhvfpz","pid":13178,"level":50,"msg":"苏AOB812 not found!","time":"2020-12-16T02:42:31.265Z","v":0}
{"name":"XHT","hostname":"izbp12d9lw9h092tonhvfpz","pid":13178,"level":50,"msg":"苏A0B812 not found!","time":"2020-12-16T08:22:41.016Z","v":0}
{"name":"XHT","hostname":"izbp12d9lw9h092tonhvfpz","pid":13178,"level":50,"msg":"苏A0B812 not found!","time":"2020-12-16T08:22:41.074Z","v":0}
{"name":"XHT","hostname":"izbp12d9lw9h092tonhvfpz","pid":13178,"level":50,"msg":"苏A0B812 not found!","time":"2020-12-16T08:22:41.075Z","v":0}
{"name":"XHT","hostname":"izbp12d9lw9h092tonhvfpz","pid":13178,"level":50,"msg":"苏A0B812 not found!","time":"2020-12-16T08:22:41.075Z","v":0}
{"name":"XHT","hostname":"izbp12d9lw9h092tonhvfpz","pid":13178,"level":50,"msg":"苏A0B812 not found!","time":"2020-12-16T08:22:41.075Z","v":0}
{"name":"XHT","hostname":"izbp12d9lw9h092tonhvfpz","pid":13178,"level":50,"msg":"苏A0B812 not found!","time":"2020-12-16T08:22:41.075Z","v":0}
{"name":"XHT","hostname":"izbp12d9lw9h092tonhvfpz","pid":13178,"level":50,"msg":"苏A0B812 not found!","time":"2020-12-16T08:22:41.075Z","v":0}
{"name":"XHT","hostname":"izbp12d9lw9h092tonhvfpz","pid":13178,"level":50,"msg":"苏AOB812 not found!","time":"2020-12-16T08:22:42.210Z","v":0}
{"name":"XHT","hostname":"izbp12d9lw9h092tonhvfpz","pid":13178,"level":50,"msg":"苏AOB812 not found!","time":"2020-12-16T08:22:42.211Z","v":0}
{"name":"XHT","hostname":"izbp12d9lw9h092tonhvfpz","pid":13178,"level":50,"msg":"苏AOB812 not found!","time":"2020-12-16T08:22:42.211Z","v":0}
{"name":"XHT","hostname":"izbp12d9lw9h092tonhvfpz","pid":13178,"level":50,"msg":"苏AOB812 not found!","time":"2020-12-16T08:22:42.211Z","v":0}
{"name":"XHT","hostname":"izbp12d9lw9h092tonhvfpz","pid":13178,"level":50,"msg":"苏AOB812 not found!","time":"2020-12-16T08:22:42.211Z","v":0}
{"name":"XHT","hostname":"izbp12d9lw9h092tonhvfpz","pid":13178,"level":50,"msg":"苏AOB812 not found!","time":"2020-12-16T08:22:42.211Z","v":0}
{"name":"XHT","hostname":"izbp12d9lw9h092tonhvfpz","pid":13178,"level":50,"msg":"苏AOB812 not found!","time":"2020-12-16T08:22:42.211Z","v":0}
{"name":"XHT","hostname":"izbp12d9lw9h092tonhvfpz","pid":13178,"level":50,"msg":"苏A0B812 not found!","time":"2021-01-05T03:41:53.021Z","v":0}
{"name":"XHT","hostname":"izbp12d9lw9h092tonhvfpz","pid":13178,"level":50,"msg":"苏A0B812 not found!","time":"2021-01-05T03:41:53.080Z","v":0}
{"name":"XHT","hostname":"izbp12d9lw9h092tonhvfpz","pid":13178,"level":50,"msg":"苏A0B812 not found!","time":"2021-01-05T03:41:53.081Z","v":0}
{"name":"XHT","hostname":"izbp12d9lw9h092tonhvfpz","pid":13178,"level":50,"msg":"苏A0B812 not found!","time":"2021-01-05T03:41:53.081Z","v":0}
{"name":"XHT","hostname":"izbp12d9lw9h092tonhvfpz","pid":13178,"level":50,"msg":"苏A0B812 not found!","time":"2021-01-05T03:41:53.081Z","v":0}
{"name":"XHT","hostname":"izbp12d9lw9h092tonhvfpz","pid":13178,"level":50,"msg":"苏A0B812 not found!","time":"2021-01-05T03:41:53.081Z","v":0}
{"name":"XHT","hostname":"izbp12d9lw9h092tonhvfpz","pid":13178,"level":50,"msg":"苏A0B812 not found!","time":"2021-01-05T03:41:53.081Z","v":0}
{"name":"XHT","hostname":"izbp12d9lw9h092tonhvfpz","pid":13178,"level":50,"msg":"苏AOB812 not found!","time":"2021-01-05T03:41:54.020Z","v":0}
{"name":"XHT","hostname":"izbp12d9lw9h092tonhvfpz","pid":13178,"level":50,"msg":"苏AOB812 not found!","time":"2021-01-05T03:41:54.020Z","v":0}
{"name":"XHT","hostname":"izbp12d9lw9h092tonhvfpz","pid":13178,"level":50,"msg":"苏AOB812 not found!","time":"2021-01-05T03:41:54.020Z","v":0}
{"name":"XHT","hostname":"izbp12d9lw9h092tonhvfpz","pid":13178,"level":50,"msg":"苏AOB812 not found!","time":"2021-01-05T03:41:54.020Z","v":0}
{"name":"XHT","hostname":"izbp12d9lw9h092tonhvfpz","pid":13178,"level":50,"msg":"苏AOB812 not found!","time":"2021-01-05T03:41:54.020Z","v":0}
{"name":"XHT","hostname":"izbp12d9lw9h092tonhvfpz","pid":13178,"level":50,"msg":"苏AOB812 not found!","time":"2021-01-05T03:41:54.020Z","v":0}
{"name":"XHT","hostname":"izbp12d9lw9h092tonhvfpz","pid":13178,"level":50,"msg":"苏AOB812 not found!","time":"2021-01-05T03:41:54.020Z","v":0}
{"name":"XHT","hostname":"izbp12d9lw9h092tonhvfpz","pid":13178,"level":50,"msg":"苏A0B812 not found!","time":"2021-01-13T05:41:38.740Z","v":0}
{"name":"XHT","hostname":"izbp12d9lw9h092tonhvfpz","pid":13178,"level":50,"msg":"苏A0B812 not found!","time":"2021-01-13T05:41:38.797Z","v":0}
{"name":"XHT","hostname":"izbp12d9lw9h092tonhvfpz","pid":13178,"level":50,"msg":"苏A0B812 not found!","time":"2021-01-13T05:41:38.797Z","v":0}
{"name":"XHT","hostname":"izbp12d9lw9h092tonhvfpz","pid":13178,"level":50,"msg":"苏A0B812 not found!","time":"2021-01-13T05:41:38.797Z","v":0}
{"name":"XHT","hostname":"izbp12d9lw9h092tonhvfpz","pid":13178,"level":50,"msg":"苏A0B812 not found!","time":"2021-01-13T05:41:38.797Z","v":0}
{"name":"XHT","hostname":"izbp12d9lw9h092tonhvfpz","pid":13178,"level":50,"msg":"苏A0B812 not found!","time":"2021-01-13T05:41:38.797Z","v":0}
{"name":"XHT","hostname":"izbp12d9lw9h092tonhvfpz","pid":13178,"level":50,"msg":"苏A0B812 not found!","time":"2021-01-13T05:41:38.797Z","v":0}
{"name":"XHT","hostname":"izbp12d9lw9h092tonhvfpz","pid":13178,"level":50,"msg":"苏AOB812 not found!","time":"2021-01-13T05:41:39.700Z","v":0}
{"name":"XHT","hostname":"izbp12d9lw9h092tonhvfpz","pid":13178,"level":50,"msg":"苏AOB812 not found!","time":"2021-01-13T05:41:39.700Z","v":0}
{"name":"XHT","hostname":"izbp12d9lw9h092tonhvfpz","pid":13178,"level":50,"msg":"苏AOB812 not found!","time":"2021-01-13T05:41:39.700Z","v":0}
{"name":"XHT","hostname":"izbp12d9lw9h092tonhvfpz","pid":13178,"level":50,"msg":"苏AOB812 not found!","time":"2021-01-13T05:41:39.700Z","v":0}
{"name":"XHT","hostname":"izbp12d9lw9h092tonhvfpz","pid":13178,"level":50,"msg":"苏AOB812 not found!","time":"2021-01-13T05:41:39.701Z","v":0}
{"name":"XHT","hostname":"izbp12d9lw9h092tonhvfpz","pid":13178,"level":50,"msg":"苏AOB812 not found!","time":"2021-01-13T05:41:39.701Z","v":0}
{"name":"XHT","hostname":"izbp12d9lw9h092tonhvfpz","pid":13178,"level":50,"msg":"苏AOB812 not found!","time":"2021-01-13T05:41:39.701Z","v":0}
{"name":"XHT","hostname":"izbp12d9lw9h092tonhvfpz","pid":13178,"level":50,"msg":"苏A0B812 not found!","time":"2021-01-15T05:47:13.529Z","v":0}
{"name":"XHT","hostname":"izbp12d9lw9h092tonhvfpz","pid":13178,"level":50,"msg":"苏A0B812 not found!","time":"2021-01-15T05:47:13.587Z","v":0}
{"name":"XHT","hostname":"izbp12d9lw9h092tonhvfpz","pid":13178,"level":50,"msg":"苏A0B812 not found!","time":"2021-01-15T05:47:13.587Z","v":0}
{"name":"XHT","hostname":"izbp12d9lw9h092tonhvfpz","pid":13178,"level":50,"msg":"苏A0B812 not found!","time":"2021-01-15T05:47:13.587Z","v":0}
{"name":"XHT","hostname":"izbp12d9lw9h092tonhvfpz","pid":13178,"level":50,"msg":"苏A0B812 not found!","time":"2021-01-15T05:47:13.587Z","v":0}
{"name":"XHT","hostname":"izbp12d9lw9h092tonhvfpz","pid":13178,"level":50,"msg":"苏A0B812 not found!","time":"2021-01-15T05:47:13.587Z","v":0}
{"name":"XHT","hostname":"izbp12d9lw9h092tonhvfpz","pid":13178,"level":50,"msg":"苏A0B812 not found!","time":"2021-01-15T05:47:13.587Z","v":0}
{"name":"XHT","hostname":"izbp12d9lw9h092tonhvfpz","pid":13178,"level":50,"msg":"苏AOB812 not found!","time":"2021-01-15T05:47:14.484Z","v":0}
{"name":"XHT","hostname":"izbp12d9lw9h092tonhvfpz","pid":13178,"level":50,"msg":"苏AOB812 not found!","time":"2021-01-15T05:47:14.485Z","v":0}
{"name":"XHT","hostname":"izbp12d9lw9h092tonhvfpz","pid":13178,"level":50,"msg":"苏AOB812 not found!","time":"2021-01-15T05:47:14.485Z","v":0}
{"name":"XHT","hostname":"izbp12d9lw9h092tonhvfpz","pid":13178,"level":50,"msg":"苏AOB812 not found!","time":"2021-01-15T05:47:14.485Z","v":0}
{"name":"XHT","hostname":"izbp12d9lw9h092tonhvfpz","pid":13178,"level":50,"msg":"苏AOB812 not found!","time":"2021-01-15T05:47:14.485Z","v":0}
{"name":"XHT","hostname":"izbp12d9lw9h092tonhvfpz","pid":13178,"level":50,"msg":"苏AOB812 not found!","time":"2021-01-15T05:47:14.485Z","v":0}
{"name":"XHT","hostname":"izbp12d9lw9h092tonhvfpz","pid":13178,"level":50,"msg":"苏AOB812 not found!","time":"2021-01-15T05:47:14.485Z","v":0}
{"name":"XHT","hostname":"izbp12d9lw9h092tonhvfpz","pid":13178,"level":50,"msg":"苏A0B812 not found!","time":"2021-01-15T05:57:16.638Z","v":0}
{"name":"XHT","hostname":"izbp12d9lw9h092tonhvfpz","pid":13178,"level":50,"msg":"苏A0B812 not found!","time":"2021-01-15T05:57:16.698Z","v":0}
{"name":"XHT","hostname":"izbp12d9lw9h092tonhvfpz","pid":13178,"level":50,"msg":"苏A0B812 not found!","time":"2021-01-15T05:57:16.698Z","v":0}
{"name":"XHT","hostname":"izbp12d9lw9h092tonhvfpz","pid":13178,"level":50,"msg":"苏A0B812 not found!","time":"2021-01-15T05:57:16.698Z","v":0}
{"name":"XHT","hostname":"izbp12d9lw9h092tonhvfpz","pid":13178,"level":50,"msg":"苏A0B812 not found!","time":"2021-01-15T05:57:16.698Z","v":0}
{"name":"XHT","hostname":"izbp12d9lw9h092tonhvfpz","pid":13178,"level":50,"msg":"苏A0B812 not found!","time":"2021-01-15T05:57:16.698Z","v":0}
{"name":"XHT","hostname":"izbp12d9lw9h092tonhvfpz","pid":13178,"level":50,"msg":"苏A0B812 not found!","time":"2021-01-15T05:57:16.698Z","v":0}
{"name":"XHT","hostname":"izbp12d9lw9h092tonhvfpz","pid":13178,"level":50,"msg":"苏AOB812 not found!","time":"2021-01-15T05:57:17.622Z","v":0}
{"name":"XHT","hostname":"izbp12d9lw9h092tonhvfpz","pid":13178,"level":50,"msg":"苏AOB812 not found!","time":"2021-01-15T05:57:17.622Z","v":0}
{"name":"XHT","hostname":"izbp12d9lw9h092tonhvfpz","pid":13178,"level":50,"msg":"苏AOB812 not found!","time":"2021-01-15T05:57:17.622Z","v":0}
{"name":"XHT","hostname":"izbp12d9lw9h092tonhvfpz","pid":13178,"level":50,"msg":"苏AOB812 not found!","time":"2021-01-15T05:57:17.622Z","v":0}
{"name":"XHT","hostname":"izbp12d9lw9h092tonhvfpz","pid":13178,"level":50,"msg":"苏AOB812 not found!","time":"2021-01-15T05:57:17.623Z","v":0}
{"name":"XHT","hostname":"izbp12d9lw9h092tonhvfpz","pid":13178,"level":50,"msg":"苏AOB812 not found!","time":"2021-01-15T05:57:17.623Z","v":0}
{"name":"XHT","hostname":"izbp12d9lw9h092tonhvfpz","pid":13178,"level":50,"msg":"苏AOB812 not found!","time":"2021-01-15T05:57:17.623Z","v":0}
{"name":"XHT","hostname":"izbp12d9lw9h092tonhvfpz","pid":13178,"level":50,"msg":"苏A0B812 not found!","time":"2021-01-18T03:33:11.325Z","v":0}
{"name":"XHT","hostname":"izbp12d9lw9h092tonhvfpz","pid":13178,"level":50,"msg":"苏A0B812 not found!","time":"2021-01-18T03:33:11.382Z","v":0}
{"name":"XHT","hostname":"izbp12d9lw9h092tonhvfpz","pid":13178,"level":50,"msg":"苏A0B812 not found!","time":"2021-01-18T03:33:11.383Z","v":0}
{"name":"XHT","hostname":"izbp12d9lw9h092tonhvfpz","pid":13178,"level":50,"msg":"苏A0B812 not found!","time":"2021-01-18T03:33:11.383Z","v":0}
{"name":"XHT","hostname":"izbp12d9lw9h092tonhvfpz","pid":13178,"level":50,"msg":"苏A0B812 not found!","time":"2021-01-18T03:33:11.383Z","v":0}
{"name":"XHT","hostname":"izbp12d9lw9h092tonhvfpz","pid":13178,"level":50,"msg":"苏A0B812 not found!","time":"2021-01-18T03:33:11.383Z","v":0}
{"name":"XHT","hostname":"izbp12d9lw9h092tonhvfpz","pid":13178,"level":50,"msg":"苏A0B812 not found!","time":"2021-01-18T03:33:11.383Z","v":0}
{"name":"XHT","hostname":"izbp12d9lw9h092tonhvfpz","pid":13178,"level":50,"msg":"苏AOB812 not found!","time":"2021-01-18T03:33:12.295Z","v":0}
{"name":"XHT","hostname":"izbp12d9lw9h092tonhvfpz","pid":13178,"level":50,"msg":"苏AOB812 not found!","time":"2021-01-18T03:33:12.295Z","v":0}
{"name":"XHT","hostname":"izbp12d9lw9h092tonhvfpz","pid":13178,"level":50,"msg":"苏AOB812 not found!","time":"2021-01-18T03:33:12.295Z","v":0}
{"name":"XHT","hostname":"izbp12d9lw9h092tonhvfpz","pid":13178,"level":50,"msg":"苏AOB812 not found!","time":"2021-01-18T03:33:12.295Z","v":0}
{"name":"XHT","hostname":"izbp12d9lw9h092tonhvfpz","pid":13178,"level":50,"msg":"苏AOB812 not found!","time":"2021-01-18T03:33:12.295Z","v":0}
{"name":"XHT","hostname":"izbp12d9lw9h092tonhvfpz","pid":13178,"level":50,"msg":"苏AOB812 not found!","time":"2021-01-18T03:33:12.295Z","v":0}
{"name":"XHT","hostname":"izbp12d9lw9h092tonhvfpz","pid":13178,"level":50,"msg":"苏AOB812 not found!","time":"2021-01-18T03:33:12.295Z","v":0}
{"name":"XHT","hostname":"izbp12d9lw9h092tonhvfpz","pid":13178,"level":50,"msg":"苏A0B812 not found!","time":"2021-01-18T03:43:57.535Z","v":0}
{"name":"XHT","hostname":"izbp12d9lw9h092tonhvfpz","pid":13178,"level":50,"msg":"苏A0B812 not found!","time":"2021-01-18T03:43:57.593Z","v":0}
{"name":"XHT","hostname":"izbp12d9lw9h092tonhvfpz","pid":13178,"level":50,"msg":"苏A0B812 not found!","time":"2021-01-18T03:43:57.594Z","v":0}
{"name":"XHT","hostname":"izbp12d9lw9h092tonhvfpz","pid":13178,"level":50,"msg":"苏A0B812 not found!","time":"2021-01-18T03:43:57.594Z","v":0}
{"name":"XHT","hostname":"izbp12d9lw9h092tonhvfpz","pid":13178,"level":50,"msg":"苏A0B812 not found!","time":"2021-01-18T03:43:57.594Z","v":0}
{"name":"XHT","hostname":"izbp12d9lw9h092tonhvfpz","pid":13178,"level":50,"msg":"苏A0B812 not found!","time":"2021-01-18T03:43:57.594Z","v":0}
{"name":"XHT","hostname":"izbp12d9lw9h092tonhvfpz","pid":13178,"level":50,"msg":"苏A0B812 not found!","time":"2021-01-18T03:43:57.594Z","v":0}
{"name":"XHT","hostname":"izbp12d9lw9h092tonhvfpz","pid":13178,"level":50,"msg":"苏AOB812 not found!","time":"2021-01-18T03:43:58.491Z","v":0}
{"name":"XHT","hostname":"izbp12d9lw9h092tonhvfpz","pid":13178,"level":50,"msg":"苏AOB812 not found!","time":"2021-01-18T03:43:58.491Z","v":0}
{"name":"XHT","hostname":"izbp12d9lw9h092tonhvfpz","pid":13178,"level":50,"msg":"苏AOB812 not found!","time":"2021-01-18T03:43:58.491Z","v":0}
{"name":"XHT","hostname":"izbp12d9lw9h092tonhvfpz","pid":13178,"level":50,"msg":"苏AOB812 not found!","time":"2021-01-18T03:43:58.491Z","v":0}
{"name":"XHT","hostname":"izbp12d9lw9h092tonhvfpz","pid":13178,"level":50,"msg":"苏AOB812 not found!","time":"2021-01-18T03:43:58.491Z","v":0}
{"name":"XHT","hostname":"izbp12d9lw9h092tonhvfpz","pid":13178,"level":50,"msg":"苏AOB812 not found!","time":"2021-01-18T03:43:58.491Z","v":0}
{"name":"XHT","hostname":"izbp12d9lw9h092tonhvfpz","pid":13178,"level":50,"msg":"苏AOB812 not found!","time":"2021-01-18T03:43:58.491Z","v":0}
{"name":"XHT","hostname":"izbp12d9lw9h092tonhvfpz","pid":13178,"level":50,"msg":"苏A0B812 not found!","time":"2021-01-21T05:47:37.554Z","v":0}
{"name":"XHT","hostname":"izbp12d9lw9h092tonhvfpz","pid":13178,"level":50,"msg":"苏A0B812 not found!","time":"2021-01-21T05:47:37.614Z","v":0}
{"name":"XHT","hostname":"izbp12d9lw9h092tonhvfpz","pid":13178,"level":50,"msg":"苏A0B812 not found!","time":"2021-01-21T05:47:37.614Z","v":0}
{"name":"XHT","hostname":"izbp12d9lw9h092tonhvfpz","pid":13178,"level":50,"msg":"苏A0B812 not found!","time":"2021-01-21T05:47:37.614Z","v":0}
{"name":"XHT","hostname":"izbp12d9lw9h092tonhvfpz","pid":13178,"level":50,"msg":"苏A0B812 not found!","time":"2021-01-21T05:47:37.615Z","v":0}
{"name":"XHT","hostname":"izbp12d9lw9h092tonhvfpz","pid":13178,"level":50,"msg":"苏A0B812 not found!","time":"2021-01-21T05:47:37.615Z","v":0}
{"name":"XHT","hostname":"izbp12d9lw9h092tonhvfpz","pid":13178,"level":50,"msg":"苏A0B812 not found!","time":"2021-01-21T05:47:37.615Z","v":0}
{"name":"XHT","hostname":"izbp12d9lw9h092tonhvfpz","pid":13178,"level":50,"msg":"苏AOB812 not found!","time":"2021-01-21T05:47:38.630Z","v":0}
{"name":"XHT","hostname":"izbp12d9lw9h092tonhvfpz","pid":13178,"level":50,"msg":"苏AOB812 not found!","time":"2021-01-21T05:47:38.630Z","v":0}
{"name":"XHT","hostname":"izbp12d9lw9h092tonhvfpz","pid":13178,"level":50,"msg":"苏AOB812 not found!","time":"2021-01-21T05:47:38.630Z","v":0}
{"name":"XHT","hostname":"izbp12d9lw9h092tonhvfpz","pid":13178,"level":50,"msg":"苏AOB812 not found!","time":"2021-01-21T05:47:38.630Z","v":0}
{"name":"XHT","hostname":"izbp12d9lw9h092tonhvfpz","pid":13178,"level":50,"msg":"苏AOB812 not found!","time":"2021-01-21T05:47:38.630Z","v":0}
{"name":"XHT","hostname":"izbp12d9lw9h092tonhvfpz","pid":13178,"level":50,"msg":"苏AOB812 not found!","time":"2021-01-21T05:47:38.630Z","v":0}
{"name":"XHT","hostname":"izbp12d9lw9h092tonhvfpz","pid":13178,"level":50,"msg":"苏AOB812 not found!","time":"2021-01-21T05:47:38.630Z","v":0}
{"name":"XHT","hostname":"izbp12d9lw9h092tonhvfpz","pid":31839,"level":50,"msg":"保存出错！(订单号:OS221010515-075.., 提单号:FS22103160329, 原因:ValidationError: order_item_no: Cast to Number failed for value \"075..\" at path \"order_item_no\"","time":"2021-03-23T03:07:05.476Z","v":0}
{"name":"XHT","hostname":"izbp12d9lw9h092tonhvfpz","pid":31839,"level":50,"msg":"保存出错！(订单号:OS221010515-075.., 提单号:FS22103160329, 原因:ValidationError: order_item_no: Cast to Number failed for value \"075..\" at path \"order_item_no\"","time":"2021-03-23T03:07:13.316Z","v":0}
{"name":"XHT","hostname":"izbp12d9lw9h092tonhvfpz","pid":31839,"level":50,"msg":"保存出错！(订单号:OS221010515-075.., 提单号:FS22103160329, 原因:ValidationError: order_item_no: Cast to Number failed for value \"075..\" at path \"order_item_no\"","time":"2021-03-23T03:07:37.454Z","v":0}
{"name":"XHT","hostname":"izbp12d9lw9h092tonhvfpz","pid":31839,"level":50,"msg":"保存出错！(订单号:OS221010515-075.., 提单号:FS22103160329, 原因:ValidationError: order_item_no: Cast to Number failed for value \"075..\" at path \"order_item_no\"","time":"2021-03-23T03:09:03.480Z","v":0}
{"name":"XHT","hostname":"izbp12d9lw9h092tonhvfpz","pid":31839,"level":50,"msg":"保存出错！(订单号:OS221010515-075.., 提单号:FS22103160329, 原因:ValidationError: order_item_no: Cast to Number failed for value \"075..\" at path \"order_item_no\"","time":"2021-03-23T03:15:39.078Z","v":0}
{"name":"XHT","hostname":"izbp12d9lw9h092tonhvfpz","pid":31839,"level":50,"msg":"苏A0B812 not found!","time":"2021-04-15T05:36:47.684Z","v":0}
{"name":"XHT","hostname":"izbp12d9lw9h092tonhvfpz","pid":31839,"level":50,"msg":"苏A0B812 not found!","time":"2021-04-15T05:36:47.739Z","v":0}
{"name":"XHT","hostname":"izbp12d9lw9h092tonhvfpz","pid":31839,"level":50,"msg":"苏A0B812 not found!","time":"2021-04-15T05:36:47.739Z","v":0}
{"name":"XHT","hostname":"izbp12d9lw9h092tonhvfpz","pid":31839,"level":50,"msg":"苏A0B812 not found!","time":"2021-04-15T05:36:47.739Z","v":0}
{"name":"XHT","hostname":"izbp12d9lw9h092tonhvfpz","pid":31839,"level":50,"msg":"苏A0B812 not found!","time":"2021-04-15T05:36:47.739Z","v":0}
{"name":"XHT","hostname":"izbp12d9lw9h092tonhvfpz","pid":31839,"level":50,"msg":"苏A0B812 not found!","time":"2021-04-15T05:36:47.740Z","v":0}
{"name":"XHT","hostname":"izbp12d9lw9h092tonhvfpz","pid":31839,"level":50,"msg":"苏A0B812 not found!","time":"2021-04-15T05:36:47.740Z","v":0}
{"name":"XHT","hostname":"izbp12d9lw9h092tonhvfpz","pid":31839,"level":50,"msg":"苏AOB812 not found!","time":"2021-04-15T05:36:48.604Z","v":0}
{"name":"XHT","hostname":"izbp12d9lw9h092tonhvfpz","pid":31839,"level":50,"msg":"苏AOB812 not found!","time":"2021-04-15T05:36:48.604Z","v":0}
{"name":"XHT","hostname":"izbp12d9lw9h092tonhvfpz","pid":31839,"level":50,"msg":"苏AOB812 not found!","time":"2021-04-15T05:36:48.605Z","v":0}
{"name":"XHT","hostname":"izbp12d9lw9h092tonhvfpz","pid":31839,"level":50,"msg":"苏AOB812 not found!","time":"2021-04-15T05:36:48.605Z","v":0}
{"name":"XHT","hostname":"izbp12d9lw9h092tonhvfpz","pid":31839,"level":50,"msg":"苏AOB812 not found!","time":"2021-04-15T05:36:48.605Z","v":0}
{"name":"XHT","hostname":"izbp12d9lw9h092tonhvfpz","pid":31839,"level":50,"msg":"苏AOB812 not found!","time":"2021-04-15T05:36:48.605Z","v":0}
{"name":"XHT","hostname":"izbp12d9lw9h092tonhvfpz","pid":31839,"level":50,"msg":"苏AOB812 not found!","time":"2021-04-15T05:36:48.605Z","v":0}
